#
# There is insufficient memory for the Java Runtime Environment to continue.
# Native memory allocation (mmap) failed to map 65536 bytes for Failed to commit metaspace.
# Possible reasons:
#   The system is out of physical RAM or swap space
#   The process is running with CompressedOops enabled, and the Java Heap may be blocking the growth of the native heap
# Possible solutions:
#   Reduce memory load on the system
#   Increase physical memory or swap space
#   Check if swap backing store is full
#   Decrease Java heap size (-Xmx/-Xms)
#   Decrease number of Java threads
#   Decrease Java thread stack sizes (-Xss)
#   Set larger code cache with -XX:ReservedCodeCacheSize=
#   JVM is running with Unscaled Compressed Oops mode in which the Java heap is
#     placed in the first 4GB address space. The Java Heap base address is the
#     maximum limit for the native heap growth. Please use -XX:HeapBaseMinAddress
#     to set the Java Heap base and to place the Java Heap above 4GB virtual address.
# This output file may be truncated or incomplete.
#
#  Out of Memory Error (virtualSpaceNode.cpp:110), pid=10680, tid=18764
#
# JRE version: OpenJDK Runtime Environment Temurin-17.0.10+7 (17.0.10+7) (build 17.0.10+7)
# Java VM: OpenJDK 64-Bit Server VM Temurin-17.0.10+7 (17.0.10+7, mixed mode, tiered, compressed oops, compressed class ptrs, parallel gc, windows-amd64)
# No core dump will be written. Minidumps are not enabled by default on client versions of Windows
#

---------------  S U M M A R Y ------------

Command Line: --add-modules=ALL-SYSTEM --add-opens=java.base/java.util=ALL-UNNAMED --add-opens=java.base/java.lang=ALL-UNNAMED --add-opens=java.base/sun.nio.fs=ALL-UNNAMED -Declipse.application=org.eclipse.jdt.ls.core.id1 -Dosgi.bundles.defaultStartLevel=4 -Declipse.product=org.eclipse.jdt.ls.core.product -Djava.import.generatesMetadataFilesAtProjectRoot=false -DDetectVMInstallationsJob.disabled=true -Dfile.encoding=utf8 -XX:+UseParallelGC -XX:GCTimeRatio=4 -XX:AdaptiveSizePolicyWeight=90 -Dsun.zip.disableMemoryMapping=true -Xmx1G -Xms100m -Xlog:disable -javaagent:c:\Users\Joabs\.vscode\extensions\redhat.java-1.29.0-win32-x64\lombok\lombok-1.18.32.jar -XX:+HeapDumpOnOutOfMemoryError -XX:HeapDumpPath=c:\Users\Joabs\AppData\Roaming\Code\User\workspaceStorage\4b1a5faf399242105d5e53f0d63c3ebf\redhat.java -Daether.dependencyCollector.impl=bf c:\Users\Joabs\.vscode\extensions\redhat.java-1.29.0-win32-x64\server\plugins\org.eclipse.equinox.launcher_1.6.800.v20240304-1850.jar -configuration c:\Users\Joabs\AppData\Roaming\Code\User\globalStorage\redhat.java\1.29.0\config_win -data c:\Users\Joabs\AppData\Roaming\Code\User\workspaceStorage\4b1a5faf399242105d5e53f0d63c3ebf\redhat.java\jdt_ws --stdio

Host: 11th Gen Intel(R) Core(TM) i3-1115G4 @ 3.00GHz, 4 cores, 3G,  Windows 11 , 64 bit Build 22621 (10.0.22621.3374)
Time: Thu Apr 18 18:56:55 2024 Hora oficial do Brasil elapsed time: 5.664436 seconds (0d 0h 0m 5s)

---------------  T H R E A D  ---------------

Current thread (0x000002a086bfeae0):  JavaThread "Start Level: Equinox Container: 96c43f40-ff23-49e6-a18b-660d8e269352" daemon [_thread_in_vm, id=18764, stack(0x000000d10c600000,0x000000d10c700000)]

Stack: [0x000000d10c600000,0x000000d10c700000]
Native frames: (J=compiled Java code, j=interpreted, Vv=VM code, C=native code)
V  [jvm.dll+0x67d2c9]
V  [jvm.dll+0x834afa]
V  [jvm.dll+0x8365be]
V  [jvm.dll+0x836c23]
V  [jvm.dll+0x2477ff]
V  [jvm.dll+0x8307bb]
V  [jvm.dll+0x621d16]
V  [jvm.dll+0x1c183e]
V  [jvm.dll+0x624671]
V  [jvm.dll+0x6226b6]
V  [jvm.dll+0x62c5a7]
V  [jvm.dll+0x1eb80b]
V  [jvm.dll+0x1ebd45]
V  [jvm.dll+0x1ec800]
V  [jvm.dll+0x1e1c01]
V  [jvm.dll+0x5427ce]
V  [jvm.dll+0x1f2647]
V  [jvm.dll+0x7adf9b]
V  [jvm.dll+0x7af36c]
V  [jvm.dll+0x7afbe3]
V  [jvm.dll+0x1e9fb6]
V  [jvm.dll+0x1ec73c]
V  [jvm.dll+0x1e1c01]
V  [jvm.dll+0x5427ce]
V  [jvm.dll+0x1f2647]
V  [jvm.dll+0x7adf9b]
V  [jvm.dll+0x7af36c]
V  [jvm.dll+0x7afbe3]
V  [jvm.dll+0x1ecab4]
V  [jvm.dll+0x1e1c1a]
V  [jvm.dll+0x5427ce]
V  [jvm.dll+0x1f2647]
V  [jvm.dll+0x7adf9b]
V  [jvm.dll+0x7af36c]
V  [jvm.dll+0x7af6b8]
V  [jvm.dll+0x23face]
V  [jvm.dll+0x38260e]
C  0x000002a0f6f7ae1b

The last pc belongs to new (printed below).
Java frames: (J=compiled Java code, j=interpreted, Vv=VM code)
j  java.util.stream.StreamSupport.intStream(Ljava/util/Spliterator$OfInt;Z)Ljava/util/stream/IntStream;+0 java.base@17.0.10
j  java.lang.String.chars()Ljava/util/stream/IntStream;+39 java.base@17.0.10
j  java.text.DecimalFormatSymbols.findNonFormatChar(Ljava/lang/String;C)C+1 java.base@17.0.10
j  java.text.DecimalFormatSymbols.initialize(Ljava/util/Locale;)V+113 java.base@17.0.10
j  java.text.DecimalFormatSymbols.<init>(Ljava/util/Locale;)V+11 java.base@17.0.10
j  sun.util.locale.provider.DecimalFormatSymbolsProviderImpl.getInstance(Ljava/util/Locale;)Ljava/text/DecimalFormatSymbols;+17 java.base@17.0.10
j  java.text.DecimalFormatSymbols.getInstance(Ljava/util/Locale;)Ljava/text/DecimalFormatSymbols;+14 java.base@17.0.10
j  java.util.Formatter.zero()C+35 java.base@17.0.10
j  java.util.Formatter$FormatSpecifier.getZero(Ljava/util/Locale;)C+32 java.base@17.0.10
j  java.util.Formatter$FormatSpecifier.localizedMagnitude(Ljava/lang/StringBuilder;Ljava/lang/CharSequence;ILjava/util/Formatter$Flags;ILjava/util/Locale;)Ljava/lang/StringBuilder;+21 java.base@17.0.10
j  java.util.Formatter$FormatSpecifier.localizedMagnitude(Ljava/lang/StringBuilder;JLjava/util/Formatter$Flags;ILjava/util/Locale;)Ljava/lang/StringBuilder;+15 java.base@17.0.10
j  java.util.Formatter$FormatSpecifier.print(Ljava/lang/StringBuilder;Ljava/time/temporal/TemporalAccessor;CLjava/util/Locale;)Ljava/lang/Appendable;+1233 java.base@17.0.10
j  java.util.Formatter$FormatSpecifier.print(Ljava/time/temporal/TemporalAccessor;CLjava/util/Locale;)V+15 java.base@17.0.10
j  java.util.Formatter$FormatSpecifier.printDateTime(Ljava/lang/Object;Ljava/util/Locale;)V+126 java.base@17.0.10
j  java.util.Formatter$FormatSpecifier.print(Ljava/lang/Object;Ljava/util/Locale;)V+10 java.base@17.0.10
j  java.util.Formatter.format(Ljava/util/Locale;Ljava/lang/String;[Ljava/lang/Object;)Ljava/util/Formatter;+259 java.base@17.0.10
j  java.util.Formatter.format(Ljava/lang/String;[Ljava/lang/Object;)Ljava/util/Formatter;+7 java.base@17.0.10
j  java.lang.String.format(Ljava/lang/String;[Ljava/lang/Object;)Ljava/lang/String;+9 java.base@17.0.10
j  java.util.logging.SimpleFormatter.format(Ljava/util/logging/LogRecord;)Ljava/lang/String;+157 java.logging@17.0.10
j  java.util.logging.StreamHandler.publish(Ljava/util/logging/LogRecord;)V+14 java.logging@17.0.10
j  java.util.logging.ConsoleHandler.publish(Ljava/util/logging/LogRecord;)V+2 java.logging@17.0.10
j  java.util.logging.Logger.log(Ljava/util/logging/LogRecord;)V+90 java.logging@17.0.10
j  java.util.logging.Logger.doLog(Ljava/util/logging/LogRecord;)V+46 java.logging@17.0.10
j  java.util.logging.Logger.log(Ljava/util/logging/Level;Ljava/lang/String;Ljava/lang/Throwable;)V+29 java.logging@17.0.10
j  org.apache.aries.spifly.BaseActivator.log(Ljava/util/logging/Level;Ljava/lang/String;Ljava/lang/Throwable;)V+16
j  org.apache.aries.spifly.BaseActivator.log(Ljava/util/logging/Level;Ljava/lang/String;)V+4
j  org.apache.aries.spifly.ProviderBundleTrackerCustomizer.log(Ljava/util/logging/Level;Ljava/lang/String;)V+6
j  org.apache.aries.spifly.ProviderBundleTrackerCustomizer.addingBundle(Lorg/osgi/framework/Bundle;Lorg/osgi/framework/BundleEvent;)Ljava/util/List;+829
j  org.apache.aries.spifly.ProviderBundleTrackerCustomizer.addingBundle(Lorg/osgi/framework/Bundle;Lorg/osgi/framework/BundleEvent;)Ljava/lang/Object;+3
j  org.osgi.util.tracker.BundleTracker$Tracked.customizerAdding(Lorg/osgi/framework/Bundle;Lorg/osgi/framework/BundleEvent;)Ljava/lang/Object;+9
j  org.osgi.util.tracker.BundleTracker$Tracked.customizerAdding(Ljava/lang/Object;Ljava/lang/Object;)Ljava/lang/Object;+9
j  org.osgi.util.tracker.AbstractTracked.trackAdding(Ljava/lang/Object;Ljava/lang/Object;)V+8
j  org.osgi.util.tracker.AbstractTracked.trackInitial()V+90
j  org.osgi.util.tracker.BundleTracker.open()V+130
j  org.apache.aries.spifly.BaseActivator.start(Lorg/osgi/framework/BundleContext;Ljava/lang/String;)V+105
j  org.apache.aries.spifly.dynamic.DynamicWeavingActivator.start(Lorg/osgi/framework/BundleContext;)V+31
j  org.eclipse.osgi.internal.framework.BundleContextImpl$2.run()Ljava/lang/Void;+23
j  org.eclipse.osgi.internal.framework.BundleContextImpl$2.run()Ljava/lang/Object;+1
J 892 c1 java.security.AccessController.executePrivileged(Ljava/security/PrivilegedExceptionAction;Ljava/security/AccessControlContext;Ljava/lang/Class;)Ljava/lang/Object; java.base@17.0.10 (65 bytes) @ 0x000002a0efbb58b4 [0x000002a0efbb5760+0x0000000000000154]
j  java.security.AccessController.doPrivileged(Ljava/security/PrivilegedExceptionAction;)Ljava/lang/Object;+9 java.base@17.0.10
j  org.eclipse.osgi.internal.framework.BundleContextImpl.startActivator(Lorg/osgi/framework/BundleActivator;)V+9
j  org.eclipse.osgi.internal.framework.BundleContextImpl.start()V+134
j  org.eclipse.osgi.internal.framework.EquinoxBundle.startWorker0()V+35
j  org.eclipse.osgi.internal.framework.EquinoxBundle$EquinoxModule.startWorker()V+4
j  org.eclipse.osgi.container.Module.doStart([Lorg/eclipse/osgi/container/Module$StartOptions;)Lorg/eclipse/osgi/container/ModuleContainerAdaptor$ModuleEvent;+190
j  org.eclipse.osgi.container.Module.start([Lorg/eclipse/osgi/container/Module$StartOptions;)V+460
j  org.eclipse.osgi.container.ModuleContainer$ContainerStartLevel$2.run()V+71
j  org.eclipse.osgi.internal.framework.EquinoxContainerAdaptor$1$1.execute(Ljava/lang/Runnable;)V+1
j  org.eclipse.osgi.container.ModuleContainer$ContainerStartLevel.incStartLevel(ILjava/util/List;Z)V+193
j  org.eclipse.osgi.container.ModuleContainer$ContainerStartLevel.incStartLevel(ILjava/util/List;Ljava/util/List;Ljava/util/List;Ljava/util/List;)V+19
j  org.eclipse.osgi.container.ModuleContainer$ContainerStartLevel.doContainerStartLevel(Lorg/eclipse/osgi/container/Module;I[Lorg/osgi/framework/FrameworkListener;)V+349
j  org.eclipse.osgi.container.ModuleContainer$ContainerStartLevel.dispatchEvent(Lorg/eclipse/osgi/container/Module;[Lorg/osgi/framework/FrameworkListener;ILjava/lang/Integer;)V+32
j  org.eclipse.osgi.container.ModuleContainer$ContainerStartLevel.dispatchEvent(Ljava/lang/Object;Ljava/lang/Object;ILjava/lang/Object;)V+15
j  org.eclipse.osgi.framework.eventmgr.EventManager.dispatchEvent(Ljava/util/Set;Lorg/eclipse/osgi/framework/eventmgr/EventDispatcher;ILjava/lang/Object;)V+48
j  org.eclipse.osgi.framework.eventmgr.EventManager$EventThread.run()V+26
v  ~StubRoutines::call_stub
new  187 new  [0x000002a0f6f7ac80, 0x000002a0f6f7aea0]  544 bytes
[MachCode]
  0x000002a0f6f7ac80: 4883 ec08 | c5fa 1104 | 24eb 1f48 | 83ec 10c5 | fb11 0424 | eb14 4883 | ec10 4889 | 0424 48c7 
  0x000002a0f6f7aca0: 4424 0800 | 0000 00eb | 0150 410f | b755 010f | cac1 ea10 | 488b 4de8 | 488b 4908 | 488b 4908 
  0x000002a0f6f7acc0: 488b 4108 | 807c 1004 | 070f 85d6 | 0000 0066 | 8b54 d148 | 488b 4928 | 488b 4cd1 | 0851 80b9 
  0x000002a0f6f7ace0: 3301 0000 | 040f 85b9 | 0000 008b | 5108 f7c2 | 0100 0000 | 0f85 aa00 | 0000 498b | 8708 0100 
  0x000002a0f6f7ad00: 0048 8d1c | 1049 3b9f | 1801 0000 | 0f87 9200 | 0000 4989 | 9f08 0100 | 00e9 0000 | 0000 4883 
  0x000002a0f6f7ad20: ea10 0f84 | 0f00 0000 | 33c9 c1ea | 0348 894c | d008 48ff | ca75 f648 | c700 0100 | 0000 5933 
  0x000002a0f6f7ad40: f689 700c | 48c1 e903 | 8948 0849 | ba7a 35aa | 28fd 7f00 | 0041 803a | 000f 8440 | 0000 0050 
  0x000002a0f6f7ad60: 488b c848 | 83ec 20f7 | c40f 0000 | 000f 841a | 0000 0048 | 83ec 0849 | ba20 3060 | 28fd 7f00 
  0x000002a0f6f7ad80: 0041 ffd2 | 4883 c408 | e90d 0000 | 0049 ba20 | 3060 28fd | 7f00 0041 | ffd2 4883 | c420 58e9 
  0x000002a0f6f7ada0: cd00 0000 | 5948 8b55 | e848 8b52 | 0848 8b52 | 0845 0fb7 | 4501 410f | c841 c1e8 | 10e8 0500 
  0x000002a0f6f7adc0: 0000 e9aa | 0000 0048 | 8d44 2408 | 4c89 6dc0 | 498b cfc5 | f877 4989 | afa8 0200 | 0049 8987 
  0x000002a0f6f7ade0: 9802 0000 | 4883 ec20 | f7c4 0f00 | 0000 0f84 | 1a00 0000 | 4883 ec08 | 49ba c025 | 2a28 fd7f 
  0x000002a0f6f7ae00: 0000 41ff | d248 83c4 | 08e9 0d00 | 0000 49ba | c025 2a28 | fd7f 0000 | 41ff d248 | 83c4 2049 
  0x000002a0f6f7ae20: c787 9802 | 0000 0000 | 0000 49c7 | 87a8 0200 | 0000 0000 | 0049 c787 | a002 0000 | 0000 0000 
  0x000002a0f6f7ae40: c5f8 7749 | 817f 0800 | 0000 000f | 8405 0000 | 00e9 aa60 | feff 498b | 87f0 0200 | 0049 c787 
  0x000002a0f6f7ae60: f002 0000 | 0000 0000 | 4c8b 6dc0 | 4c8b 75c8 | c341 0fb6 | 5d03 4983 | c503 49ba | 90a1 ac28 
  0x000002a0f6f7ae80: fd7f 0000 | 41ff 24da | 0000 0000 | 0000 0000 | 0000 0000 | 0000 0000 | 0000 0000 | 0000 0000 
[/MachCode]

Compiled method (c1)    5738  892       3       java.security.AccessController::executePrivileged (65 bytes)
 total in heap  [0x000002a0efbb5590,0x000002a0efbb5b78] = 1512
 relocation     [0x000002a0efbb56e8,0x000002a0efbb5748] = 96
 main code      [0x000002a0efbb5760,0x000002a0efbb5a00] = 672
 stub code      [0x000002a0efbb5a00,0x000002a0efbb5a58] = 88
 metadata       [0x000002a0efbb5a58,0x000002a0efbb5a68] = 16
 scopes data    [0x000002a0efbb5a68,0x000002a0efbb5ae0] = 120
 scopes pcs     [0x000002a0efbb5ae0,0x000002a0efbb5b60] = 128
 dependencies   [0x000002a0efbb5b60,0x000002a0efbb5b68] = 8
 nul chk table  [0x000002a0efbb5b68,0x000002a0efbb5b78] = 16

[Constant Pool (empty)]

[MachCode]
[Verified Entry Point]
  # {method} {0x000002a082030fe8} 'executePrivileged' '(Ljava/security/PrivilegedExceptionAction;Ljava/security/AccessControlContext;Ljava/lang/Class;)Ljava/lang/Object;' in 'java/security/AccessController'
  # parm0:    rdx:rdx   = 'java/security/PrivilegedExceptionAction'
  # parm1:    r8:r8     = 'java/security/AccessControlContext'
  # parm2:    r9:r9     = 'java/lang/Class'
  #           [sp+0x50]  (sp of caller)
  0x000002a0efbb5760: 8984 2400 | 90ff ff55 | 4883 ec40 | 4c89 4424 

  0x000002a0efbb5770: ;   {metadata(method data for {method} {0x000002a082030fe8} 'executePrivileged' '(Ljava/security/PrivilegedExceptionAction;Ljava/security/AccessControlContext;Ljava/lang/Class;)Ljava/lang/Object;' in 'java/security/AccessController')}
  0x000002a0efbb5770: 3048 be28 | 699b 82a0 | 0200 008b | becc 0000 | 0083 c702 | 89be cc00 | 0000 81e7 | fe07 0000 
  0x000002a0efbb5790: 83ff 000f | 84b7 0100 | 0049 83f8 

  0x000002a0efbb579c: ;   {metadata(method data for {method} {0x000002a082030fe8} 'executePrivileged' '(Ljava/security/PrivilegedExceptionAction;Ljava/security/AccessControlContext;Ljava/lang/Class;)Ljava/lang/Object;' in 'java/security/AccessController')}
  0x000002a0efbb579c: 0048 be28 | 699b 82a0 | 0200 0048 | bf10 0100 | 0000 0000 | 000f 840a | 0000 0048 | bf20 0100 
  0x000002a0efbb57bc: 0000 0000 | 0048 8b1c | 3e48 8d5b | 0148 891c | 3e4c 894c | 2428 4889 | 5424 200f | 841f 0000 
  0x000002a0efbb57dc: ;   {metadata(method data for {method} {0x000002a082030fe8} 'executePrivileged' '(Ljava/security/PrivilegedExceptionAction;Ljava/security/AccessControlContext;Ljava/lang/Class;)Ljava/lang/Object;' in 'java/security/AccessController')}
  0x000002a0efbb57dc: 0048 be28 | 699b 82a0 | 0200 0048 | 8386 3001 | 0000 0149 | 8bd0 0f1f 

  0x000002a0efbb57f4: ;   {static_call}
  0x000002a0efbb57f4: 4400 00e8 

  0x000002a0efbb57f8: ; ImmutableOopMap {[32]=Oop [40]=Oop [48]=Oop }
                      ;*invokestatic ensureMaterializedForStackWalk {reexecute=0 rethrow=0 return_oop=0}
                      ; - java.security.AccessController::executePrivileged@5
  0x000002a0efbb57f8: bc12 9d07 

  0x000002a0efbb57fc: ;   {metadata(method data for {method} {0x000002a082030fe8} 'executePrivileged' '(Ljava/security/PrivilegedExceptionAction;Ljava/security/AccessControlContext;Ljava/lang/Class;)Ljava/lang/Object;' in 'java/security/AccessController')}
  0x000002a0efbb57fc: 48ba 2869 | 9b82 a002 | 0000 ff82 | 4001 0000 | 488b 5424 | 2048 3b02 

  0x000002a0efbb5814: ;   {metadata(method data for {method} {0x000002a082030fe8} 'executePrivileged' '(Ljava/security/PrivilegedExceptionAction;Ljava/security/AccessControlContext;Ljava/lang/Class;)Ljava/lang/Object;' in 'java/security/AccessController')}
  0x000002a0efbb5814: 488b f248 | bf28 699b | 82a0 0200 | 008b 7608 | 48c1 e603 | 483b b7b0 | 0100 0075 | 0d48 8387 
  0x000002a0efbb5834: b801 0000 | 01e9 6600 | 0000 483b | b7c0 0100 | 0075 0d48 | 8387 c801 | 0000 01e9 | 5000 0000 
  0x000002a0efbb5854: 4881 bfb0 | 0100 0000 | 0000 0075 | 1748 89b7 | b001 0000 | 48c7 87b8 | 0100 0001 | 0000 00e9 
  0x000002a0efbb5874: 2c00 0000 | 4881 bfc0 | 0100 0000 | 0000 0075 | 1748 89b7 | c001 0000 | 48c7 87c8 | 0100 0001 
  0x000002a0efbb5894: 0000 00e9 | 0800 0000 | 4883 87a0 | 0100 0001 | 9048 b8c0 | 0a96 86a0 

  0x000002a0efbb58ac: ;   {virtual_call}
  0x000002a0efbb58ac: 0200 00e8 

  0x000002a0efbb58b0: ; ImmutableOopMap {[40]=Oop [48]=Oop }
                      ;*invokeinterface run {reexecute=0 rethrow=0 return_oop=0}
                      ; - java.security.AccessController::executePrivileged@29
  0x000002a0efbb58b0: d4a3 4a07 

  0x000002a0efbb58b4: ;   {metadata(method data for {method} {0x000002a082030fe8} 'executePrivileged' '(Ljava/security/PrivilegedExceptionAction;Ljava/security/AccessControlContext;Ljava/lang/Class;)Ljava/lang/Object;' in 'java/security/AccessController')}
  0x000002a0efbb58b4: 48be 2869 | 9b82 a002 | 0000 ff86 | d801 0000 | 4c8b 4c24 

  0x000002a0efbb58c8: ;   {metadata(method data for {method} {0x000002a082030fe8} 'executePrivileged' '(Ljava/security/PrivilegedExceptionAction;Ljava/security/AccessControlContext;Ljava/lang/Class;)Ljava/lang/Object;' in 'java/security/AccessController')}
  0x000002a0efbb58c8: 2848 be28 | 699b 82a0 | 0200 0048 | 8386 3802 

  0x000002a0efbb58d8: ;   {metadata(method data for {method} {0x000002a082035da8} 'reachabilityFence' '(Ljava/lang/Object;)V' in 'java/lang/ref/Reference')}
  0x000002a0efbb58d8: 0000 0148 | bee8 915e | 82a0 0200 | 008b becc | 0000 0083 | c702 89be | cc00 0000 | 81e7 feff 
  0x000002a0efbb58f8: 1f00 83ff | 000f 8473 

  0x000002a0efbb5900: ;   {metadata(method data for {method} {0x000002a082030fe8} 'executePrivileged' '(Ljava/security/PrivilegedExceptionAction;Ljava/security/AccessControlContext;Ljava/lang/Class;)Ljava/lang/Object;' in 'java/security/AccessController')}
  0x000002a0efbb5900: 0000 0048 | be28 699b | 82a0 0200 | 0048 8386 | 4802 0000 

  0x000002a0efbb5914: ;   {metadata(method data for {method} {0x000002a082035da8} 'reachabilityFence' '(Ljava/lang/Object;)V' in 'java/lang/ref/Reference')}
  0x000002a0efbb5914: 0148 bee8 | 915e 82a0 | 0200 008b | becc 0000 | 0083 c702 | 89be cc00 | 0000 81e7 | feff 1f00 
  0x000002a0efbb5934: 83ff 000f | 845a 0000 | 0048 83c4 

  0x000002a0efbb5940: ;   {poll_return}
  0x000002a0efbb5940: 405d 493b | a750 0300 | 000f 8766 | 0000 00c3 

  0x000002a0efbb5950: ;   {metadata({method} {0x000002a082030fe8} 'executePrivileged' '(Ljava/security/PrivilegedExceptionAction;Ljava/security/AccessControlContext;Ljava/lang/Class;)Ljava/lang/Object;' in 'java/security/AccessController')}
  0x000002a0efbb5950: 49ba e00f | 0382 a002 | 0000 4c89 | 5424 0848 | c704 24ff 

  0x000002a0efbb5964: ;   {runtime_call counter_overflow Runtime1 stub}
  0x000002a0efbb5964: ffff ffe8 

  0x000002a0efbb5968: ; ImmutableOopMap {rdx=Oop r8=Oop [48]=Oop r9=Oop }
                      ;*synchronization entry
                      ; - java.security.AccessController::executePrivileged@-1
  0x000002a0efbb5968: 9477 4a07 | e928 feff 

  0x000002a0efbb5970: ;   {runtime_call throw_null_pointer_exception Runtime1 stub}
  0x000002a0efbb5970: ffe8 2a33 

  0x000002a0efbb5974: ; ImmutableOopMap {[40]=Oop rdx=Oop [48]=Oop }
                      ;*invokeinterface run {reexecute=0 rethrow=0 return_oop=0}
                      ; - java.security.AccessController::executePrivileged@29
                      ;   {metadata({method} {0x000002a082035da8} 'reachabilityFence' '(Ljava/lang/Object;)V' in 'java/lang/ref/Reference')}
  0x000002a0efbb5974: 4107 49ba | a05d 0382 | a002 0000 | 4c89 5424 | 0848 c704 | 24ff ffff 

  0x000002a0efbb598c: ;   {runtime_call counter_overflow Runtime1 stub}
  0x000002a0efbb598c: ffe8 6e77 

  0x000002a0efbb5990: ; ImmutableOopMap {rax=Oop r9=Oop }
                      ;*synchronization entry
                      ; - java.lang.ref.Reference::reachabilityFence@-1
                      ; - java.security.AccessController::executePrivileged@56
  0x000002a0efbb5990: 4a07 e96c 

  0x000002a0efbb5994: ;   {metadata({method} {0x000002a082035da8} 'reachabilityFence' '(Ljava/lang/Object;)V' in 'java/lang/ref/Reference')}
  0x000002a0efbb5994: ffff ff49 | baa0 5d03 | 82a0 0200 | 004c 8954 | 2408 48c7 | 0424 ffff 

  0x000002a0efbb59ac: ;   {runtime_call counter_overflow Runtime1 stub}
  0x000002a0efbb59ac: ffff e84d 

  0x000002a0efbb59b0: ; ImmutableOopMap {rax=Oop }
                      ;*synchronization entry
                      ; - java.lang.ref.Reference::reachabilityFence@-1
                      ; - java.security.AccessController::executePrivileged@60
  0x000002a0efbb59b0: 774a 07eb 

  0x000002a0efbb59b4: ;   {internal_word}
  0x000002a0efbb59b4: 8849 ba42 | 59bb efa0 | 0200 004d | 8997 6803 

  0x000002a0efbb59c4: ;   {runtime_call SafepointBlob}
  0x000002a0efbb59c4: 0000 e9b5 | 3240 0790 | 9049 8b87 | e003 0000 | 49c7 87e0 | 0300 0000 | 0000 0049 | c787 e803 
  0x000002a0efbb59e4: 0000 0000 | 0000 4883 

  0x000002a0efbb59ec: ;   {runtime_call unwind_exception Runtime1 stub}
  0x000002a0efbb59ec: c440 5de9 | 8c41 4107 | f4f4 f4f4 | f4f4 f4f4 | f4f4 f4f4 
[Stub Code]
  0x000002a0efbb5a00: ;   {no_reloc}
  0x000002a0efbb5a00: 0f1f 4400 

  0x000002a0efbb5a04: ;   {static_stub}
  0x000002a0efbb5a04: 0048 bb58 | 0d03 82a0 

  0x000002a0efbb5a0c: ;   {runtime_call I2C/C2I adapters}
  0x000002a0efbb5a0c: 0200 00e9 | 3cab 3f07 

  0x000002a0efbb5a14: ;   {static_stub}
  0x000002a0efbb5a14: 9048 bb00 | 0000 0000 

  0x000002a0efbb5a1c: ;   {runtime_call}
  0x000002a0efbb5a1c: 0000 00e9 | fbff ffff 
[Exception Handler]
  0x000002a0efbb5a24: ;   {runtime_call handle_exception_from_callee Runtime1 stub}
  0x000002a0efbb5a24: e857 3a4a 

  0x000002a0efbb5a28: ;   {external_word}
  0x000002a0efbb5a28: 0748 b940 | 9a84 28fd | 7f00 0048 

  0x000002a0efbb5a34: ;   {runtime_call}
  0x000002a0efbb5a34: 83e4 f049 | ba60 2d4d | 28fd 7f00 | 0041 ffd2 

  0x000002a0efbb5a44: ;   {section_word}
  0x000002a0efbb5a44: f449 ba45 | 5abb efa0 | 0200 0041 

  0x000002a0efbb5a50: ;   {runtime_call DeoptimizationBlob}
  0x000002a0efbb5a50: 52e9 ca46 | 4007 f4f4 
[/MachCode]


---------------  P R O C E S S  ---------------

Threads class SMR info:
_java_thread_list=0x000002a0869c1cb0, length=15, elements={
0x000002a0ecda1880, 0x000002a0febe2020, 0x000002a0febe4320, 0x000002a0fec0d320,
0x000002a0fec0dcf0, 0x000002a0fec107d0, 0x000002a0fec112a0, 0x000002a0fec120a0,
0x000002a0fec2e930, 0x000002a08604d810, 0x000002a086105210, 0x000002a0863fc130,
0x000002a086936940, 0x000002a0869f3160, 0x000002a086bfeae0
}

Java Threads: ( => current thread )
  0x000002a0ecda1880 JavaThread "main" [_thread_blocked, id=3220, stack(0x000000d10b200000,0x000000d10b300000)]
  0x000002a0febe2020 JavaThread "Reference Handler" daemon [_thread_blocked, id=19208, stack(0x000000d10b500000,0x000000d10b600000)]
  0x000002a0febe4320 JavaThread "Finalizer" daemon [_thread_blocked, id=5696, stack(0x000000d10b600000,0x000000d10b700000)]
  0x000002a0fec0d320 JavaThread "Signal Dispatcher" daemon [_thread_blocked, id=18440, stack(0x000000d10b700000,0x000000d10b800000)]
  0x000002a0fec0dcf0 JavaThread "Attach Listener" daemon [_thread_blocked, id=15960, stack(0x000000d10b800000,0x000000d10b900000)]
  0x000002a0fec107d0 JavaThread "Service Thread" daemon [_thread_blocked, id=14808, stack(0x000000d10b900000,0x000000d10ba00000)]
  0x000002a0fec112a0 JavaThread "Monitor Deflation Thread" daemon [_thread_blocked, id=17836, stack(0x000000d10ba00000,0x000000d10bb00000)]
  0x000002a0fec120a0 JavaThread "C2 CompilerThread0" daemon [_thread_blocked, id=16848, stack(0x000000d10bb00000,0x000000d10bc00000)]
  0x000002a0fec2e930 JavaThread "C1 CompilerThread0" daemon [_thread_blocked, id=18968, stack(0x000000d10bc00000,0x000000d10bd00000)]
  0x000002a08604d810 JavaThread "Sweeper thread" daemon [_thread_blocked, id=12844, stack(0x000000d10bd00000,0x000000d10be00000)]
  0x000002a086105210 JavaThread "Common-Cleaner" daemon [_thread_blocked, id=13420, stack(0x000000d10be00000,0x000000d10bf00000)]
  0x000002a0863fc130 JavaThread "Notification Thread" daemon [_thread_blocked, id=12840, stack(0x000000d10bf00000,0x000000d10c000000)]
  0x000002a086936940 JavaThread "Active Thread: Equinox Container: 96c43f40-ff23-49e6-a18b-660d8e269352" [_thread_blocked, id=15860, stack(0x000000d10c400000,0x000000d10c500000)]
  0x000002a0869f3160 JavaThread "Framework Event Dispatcher: Equinox Container: 96c43f40-ff23-49e6-a18b-660d8e269352" daemon [_thread_blocked, id=5188, stack(0x000000d10c500000,0x000000d10c600000)]
=>0x000002a086bfeae0 JavaThread "Start Level: Equinox Container: 96c43f40-ff23-49e6-a18b-660d8e269352" daemon [_thread_in_vm, id=18764, stack(0x000000d10c600000,0x000000d10c700000)]

Other Threads:
  0x000002a0ece4e9c0 VMThread "VM Thread" [stack: 0x000000d10b400000,0x000000d10b500000] [id=10632]
  0x000002a0862ee0f0 WatcherThread [stack: 0x000000d10c000000,0x000000d10c100000] [id=5096]
  0x000002a0ecdb4d00 GCTaskThread "GC Thread#0" [stack: 0x000000d10b300000,0x000000d10b400000] [id=20068]
  0x000002a08662ad60 GCTaskThread "GC Thread#1" [stack: 0x000000d10c100000,0x000000d10c200000] [id=15392]
  0x000002a08662b020 GCTaskThread "GC Thread#2" [stack: 0x000000d10c200000,0x000000d10c300000] [id=16700]
  0x000002a08698d020 GCTaskThread "GC Thread#3" [stack: 0x000000d10c300000,0x000000d10c400000] [id=10380]

Threads with active compile tasks:

VM state: not at safepoint (normal execution)

VM Mutex/Monitor currently owned by a thread:  ([mutex/lock_event])
[0x000002a0ecd9cea0] Metaspace_lock - owner thread: 0x000002a086bfeae0

Heap address: 0x00000000c0000000, size: 1024 MB, Compressed Oops mode: 32-bit

CDS archive(s) not mapped
Compressed class space mapped at: 0x0000000100000000-0x0000000140000000, reserved size: 1073741824
Narrow klass base: 0x0000000000000000, Narrow klass shift: 3, Narrow klass range: 0x140000000

GC Precious Log:
 CPUs: 4 total, 4 available
 Memory: 3879M
 Large Page Support: Disabled
 NUMA Support: Disabled
 Compressed Oops: Enabled (32-bit)
 Alignments: Space 512K, Generation 512K, Heap 2M
 Heap Min Capacity: 100M
 Heap Initial Capacity: 100M
 Heap Max Capacity: 1G
 Pre-touch: Disabled
 Parallel Workers: 4

Heap:
 PSYoungGen      total 29696K, used 8633K [0x00000000eab00000, 0x00000000ecc00000, 0x0000000100000000)
  eden space 25600K, 17% used [0x00000000eab00000,0x00000000eaf700e0,0x00000000ec400000)
  from space 4096K, 99% used [0x00000000ec800000,0x00000000ecbfe620,0x00000000ecc00000)
  to   space 4096K, 0% used [0x00000000ec400000,0x00000000ec400000,0x00000000ec800000)
 ParOldGen       total 68608K, used 1508K [0x00000000c0000000, 0x00000000c4300000, 0x00000000eab00000)
  object space 68608K, 2% used [0x00000000c0000000,0x00000000c0179370,0x00000000c4300000)
 Metaspace       used 15501K, committed 15680K, reserved 1114112K
  class space    used 1560K, committed 1664K, reserved 1048576K

Card table byte_map: [0x000002a0ec760000,0x000002a0ec970000] _byte_map_base: 0x000002a0ec160000

Marking Bits: (ParMarkBitMap*) 0x00007ffd28abd7d0
 Begin Bits: [0x000002a080000000, 0x000002a081000000)
 End Bits:   [0x000002a081000000, 0x000002a082000000)

Polling page: 0x000002a0ec550000

Metaspace:

Usage:
  Non-class:     13.61 MB used.
      Class:      1.52 MB used.
       Both:     15.14 MB used.

Virtual space:
  Non-class space:       64.00 MB reserved,      13.69 MB ( 21%) committed,  1 nodes.
      Class space:        1.00 GB reserved,       1.62 MB ( <1%) committed,  1 nodes.
             Both:        1.06 GB reserved,      15.31 MB (  1%) committed. 

Chunk freelists:
   Non-Class:  2.06 MB
       Class:  14.40 MB
        Both:  16.46 MB

MaxMetaspaceSize: unlimited
CompressedClassSpaceSize: 1.00 GB
Initial GC threshold: 21.00 MB
Current GC threshold: 21.00 MB
CDS: off
MetaspaceReclaimPolicy: balanced
 - commit_granule_bytes: 65536.
 - commit_granule_words: 8192.
 - virtual_space_node_default_size: 8388608.
 - enlarge_chunks_in_place: 1.
 - new_chunks_are_fully_committed: 0.
 - uncommit_free_chunks: 1.
 - use_allocation_guard: 0.
 - handle_deallocations: 1.


Internal statistics:

num_allocs_failed_limit: 0.
num_arena_births: 96.
num_arena_deaths: 0.
num_vsnodes_births: 2.
num_vsnodes_deaths: 0.
num_space_committed: 245.
num_space_uncommitted: 0.
num_chunks_returned_to_freelist: 0.
num_chunks_taken_from_freelist: 303.
num_chunk_merges: 0.
num_chunk_splits: 194.
num_chunks_enlarged: 148.
num_inconsistent_stats: 0.

CodeHeap 'non-profiled nmethods': size=120000Kb used=770Kb max_used=770Kb free=119229Kb
 bounds [0x000002a0f7500000, 0x000002a0f7770000, 0x000002a0fea30000]
CodeHeap 'profiled nmethods': size=120000Kb used=3246Kb max_used=3246Kb free=116753Kb
 bounds [0x000002a0efa30000, 0x000002a0efd60000, 0x000002a0f6f60000]
CodeHeap 'non-nmethods': size=5760Kb used=1178Kb max_used=1197Kb free=4582Kb
 bounds [0x000002a0f6f60000, 0x000002a0f71d0000, 0x000002a0f7500000]
 total_blobs=2221 nmethods=1761 adapters=374
 compilation: enabled
              stopped_count=0, restarted_count=0
 full_count=0

Compilation events (20 events):
Event: 5.606 Thread 0x000002a0fec2e930 1748       3       java.lang.invoke.AbstractValidatingLambdaMetafactory::isAdaptableTo (126 bytes)
Event: 5.607 Thread 0x000002a0fec2e930 nmethod 1748 0x000002a0efd56d10 code [0x000002a0efd56fa0, 0x000002a0efd579e8]
Event: 5.608 Thread 0x000002a0fec120a0 1749       4       java.lang.StringBuilder::<init> (7 bytes)
Event: 5.609 Thread 0x000002a0fec2e930 1750       3       java.lang.invoke.DirectMethodHandle::<init> (148 bytes)
Event: 5.609 Thread 0x000002a0fec120a0 nmethod 1749 0x000002a0f75bf710 code [0x000002a0f75bf8a0, 0x000002a0f75bf9d8]
Event: 5.610 Thread 0x000002a0fec2e930 nmethod 1750 0x000002a0efd57e10 code [0x000002a0efd580c0, 0x000002a0efd58fa8]
Event: 5.610 Thread 0x000002a0fec2e930 1751       3       java.util.ImmutableCollections$List12::get (35 bytes)
Event: 5.610 Thread 0x000002a0fec2e930 nmethod 1751 0x000002a0efd59490 code [0x000002a0efd59640, 0x000002a0efd598e8]
Event: 5.610 Thread 0x000002a0fec2e930 1752       3       java.lang.Character::codePointAt (51 bytes)
Event: 5.610 Thread 0x000002a0fec2e930 nmethod 1752 0x000002a0efd59990 code [0x000002a0efd59b80, 0x000002a0efd5a1e8]
Event: 5.611 Thread 0x000002a0fec2e930 1753       3       java.util.regex.Pattern::next (33 bytes)
Event: 5.611 Thread 0x000002a0fec2e930 nmethod 1753 0x000002a0efd5a390 code [0x000002a0efd5a540, 0x000002a0efd5a7a8]
Event: 5.611 Thread 0x000002a0fec2e930 1755       3       java.lang.invoke.InnerClassLambdaMetafactory::getOpcodeOffset (38 bytes)
Event: 5.612 Thread 0x000002a0fec2e930 nmethod 1755 0x000002a0efd5a910 code [0x000002a0efd5aae0, 0x000002a0efd5adb8]
Event: 5.612 Thread 0x000002a0fec2e930 1756       3       jdk.internal.org.objectweb.asm.ClassReader::readUtf (161 bytes)
Event: 5.612 Thread 0x000002a0fec2e930 nmethod 1756 0x000002a0efd5ae90 code [0x000002a0efd5b060, 0x000002a0efd5b4c8]
Event: 5.614 Thread 0x000002a0fec2e930 1760       1       java.util.Formatter$Flags::valueOf (5 bytes)
Event: 5.614 Thread 0x000002a0fec2e930 nmethod 1760 0x000002a0f75c0690 code [0x000002a0f75c0820, 0x000002a0f75c08f8]
Event: 5.624 Thread 0x000002a0fec2e930 1761       3       sun.util.locale.LocaleUtils::isUpper (18 bytes)
Event: 5.624 Thread 0x000002a0fec2e930 nmethod 1761 0x000002a0efd5b790 code [0x000002a0efd5b920, 0x000002a0efd5ba98]

GC Heap History (4 events):
Event: 3.729 GC heap before
{Heap before GC invocations=1 (full 0):
 PSYoungGen      total 29696K, used 25600K [0x00000000eab00000, 0x00000000ecc00000, 0x0000000100000000)
  eden space 25600K, 100% used [0x00000000eab00000,0x00000000ec400000,0x00000000ec400000)
  from space 4096K, 0% used [0x00000000ec800000,0x00000000ec800000,0x00000000ecc00000)
  to   space 4096K, 0% used [0x00000000ec400000,0x00000000ec400000,0x00000000ec800000)
 ParOldGen       total 68608K, used 0K [0x00000000c0000000, 0x00000000c4300000, 0x00000000eab00000)
  object space 68608K, 0% used [0x00000000c0000000,0x00000000c0000000,0x00000000c4300000)
 Metaspace       used 11024K, committed 11200K, reserved 1114112K
  class space    used 1098K, committed 1216K, reserved 1048576K
}
Event: 3.746 GC heap after
{Heap after GC invocations=1 (full 0):
 PSYoungGen      total 29696K, used 3206K [0x00000000eab00000, 0x00000000ecc00000, 0x0000000100000000)
  eden space 25600K, 0% used [0x00000000eab00000,0x00000000eab00000,0x00000000ec400000)
  from space 4096K, 78% used [0x00000000ec400000,0x00000000ec721858,0x00000000ec800000)
  to   space 4096K, 0% used [0x00000000ec800000,0x00000000ec800000,0x00000000ecc00000)
 ParOldGen       total 68608K, used 0K [0x00000000c0000000, 0x00000000c4300000, 0x00000000eab00000)
  object space 68608K, 0% used [0x00000000c0000000,0x00000000c0000000,0x00000000c4300000)
 Metaspace       used 11024K, committed 11200K, reserved 1114112K
  class space    used 1098K, committed 1216K, reserved 1048576K
}
Event: 5.463 GC heap before
{Heap before GC invocations=2 (full 0):
 PSYoungGen      total 29696K, used 28806K [0x00000000eab00000, 0x00000000ecc00000, 0x0000000100000000)
  eden space 25600K, 100% used [0x00000000eab00000,0x00000000ec400000,0x00000000ec400000)
  from space 4096K, 78% used [0x00000000ec400000,0x00000000ec721858,0x00000000ec800000)
  to   space 4096K, 0% used [0x00000000ec800000,0x00000000ec800000,0x00000000ecc00000)
 ParOldGen       total 68608K, used 0K [0x00000000c0000000, 0x00000000c4300000, 0x00000000eab00000)
  object space 68608K, 0% used [0x00000000c0000000,0x00000000c0000000,0x00000000c4300000)
 Metaspace       used 14643K, committed 14848K, reserved 1114112K
  class space    used 1466K, committed 1600K, reserved 1048576K
}
Event: 5.467 GC heap after
{Heap after GC invocations=2 (full 0):
 PSYoungGen      total 29696K, used 4089K [0x00000000eab00000, 0x00000000ecc00000, 0x0000000100000000)
  eden space 25600K, 0% used [0x00000000eab00000,0x00000000eab00000,0x00000000ec400000)
  from space 4096K, 99% used [0x00000000ec800000,0x00000000ecbfe620,0x00000000ecc00000)
  to   space 4096K, 0% used [0x00000000ec400000,0x00000000ec400000,0x00000000ec800000)
 ParOldGen       total 68608K, used 1508K [0x00000000c0000000, 0x00000000c4300000, 0x00000000eab00000)
  object space 68608K, 2% used [0x00000000c0000000,0x00000000c0179370,0x00000000c4300000)
 Metaspace       used 14643K, committed 14848K, reserved 1114112K
  class space    used 1466K, committed 1600K, reserved 1048576K
}

Dll operation events (9 events):
Event: 0.031 Loaded shared library c:\Users\Joabs\.vscode\extensions\redhat.java-1.29.0-win32-x64\jre\17.0.10-win32-x86_64\bin\java.dll
Event: 0.497 Loaded shared library c:\Users\Joabs\.vscode\extensions\redhat.java-1.29.0-win32-x64\jre\17.0.10-win32-x86_64\bin\zip.dll
Event: 0.507 Loaded shared library C:\Users\Joabs\.vscode\extensions\redhat.java-1.29.0-win32-x64\jre\17.0.10-win32-x86_64\bin\instrument.dll
Event: 0.546 Loaded shared library C:\Users\Joabs\.vscode\extensions\redhat.java-1.29.0-win32-x64\jre\17.0.10-win32-x86_64\bin\net.dll
Event: 0.547 Loaded shared library C:\Users\Joabs\.vscode\extensions\redhat.java-1.29.0-win32-x64\jre\17.0.10-win32-x86_64\bin\nio.dll
Event: 0.566 Loaded shared library C:\Users\Joabs\.vscode\extensions\redhat.java-1.29.0-win32-x64\jre\17.0.10-win32-x86_64\bin\zip.dll
Event: 0.611 Loaded shared library C:\Users\Joabs\.vscode\extensions\redhat.java-1.29.0-win32-x64\jre\17.0.10-win32-x86_64\bin\jimage.dll
Event: 0.765 Loaded shared library c:\Users\Joabs\.vscode\extensions\redhat.java-1.29.0-win32-x64\jre\17.0.10-win32-x86_64\bin\verify.dll
Event: 5.231 Loaded shared library C:\Users\Joabs\AppData\Roaming\Code\User\globalStorage\redhat.java\1.29.0\config_win\org.eclipse.equinox.launcher\org.eclipse.equinox.launcher.win32.win32.x86_64_1.2.900.v20240213-1244\eclipse_11900.dll

Deoptimization events (20 events):
Event: 5.515 Thread 0x000002a086bfeae0 Uncommon trap: trap_request=0xffffffde fr.pc=0x000002a0f75640f8 relative=0x0000000000000498
Event: 5.515 Thread 0x000002a086bfeae0 Uncommon trap: reason=class_check action=maybe_recompile pc=0x000002a0f75640f8 method=java.io.DataInputStream.readInt()I @ 6 c2
Event: 5.515 Thread 0x000002a086bfeae0 DEOPT PACKING pc=0x000002a0f75640f8 sp=0x000000d10c6fde50
Event: 5.515 Thread 0x000002a086bfeae0 DEOPT UNPACKING pc=0x000002a0f6fb9ea3 sp=0x000000d10c6fde08 mode 2
Event: 5.515 Thread 0x000002a086bfeae0 Uncommon trap: trap_request=0xffffffde fr.pc=0x000002a0f75640f8 relative=0x0000000000000498
Event: 5.515 Thread 0x000002a086bfeae0 Uncommon trap: reason=class_check action=maybe_recompile pc=0x000002a0f75640f8 method=java.io.DataInputStream.readInt()I @ 6 c2
Event: 5.515 Thread 0x000002a086bfeae0 DEOPT PACKING pc=0x000002a0f75640f8 sp=0x000000d10c6fded0
Event: 5.515 Thread 0x000002a086bfeae0 DEOPT UNPACKING pc=0x000002a0f6fb9ea3 sp=0x000000d10c6fde88 mode 2
Event: 5.515 Thread 0x000002a086bfeae0 Uncommon trap: trap_request=0xffffffde fr.pc=0x000002a0f75640f8 relative=0x0000000000000498
Event: 5.515 Thread 0x000002a086bfeae0 Uncommon trap: reason=class_check action=maybe_recompile pc=0x000002a0f75640f8 method=java.io.DataInputStream.readInt()I @ 6 c2
Event: 5.515 Thread 0x000002a086bfeae0 DEOPT PACKING pc=0x000002a0f75640f8 sp=0x000000d10c6fde50
Event: 5.515 Thread 0x000002a086bfeae0 DEOPT UNPACKING pc=0x000002a0f6fb9ea3 sp=0x000000d10c6fde08 mode 2
Event: 5.630 Thread 0x000002a086bfeae0 Uncommon trap: trap_request=0xffffff45 fr.pc=0x000002a0f7553774 relative=0x0000000000000074
Event: 5.630 Thread 0x000002a086bfeae0 Uncommon trap: reason=unstable_if action=reinterpret pc=0x000002a0f7553774 method=jdk.internal.misc.Unsafe.convEndian(ZJ)J @ 4 c2
Event: 5.630 Thread 0x000002a086bfeae0 DEOPT PACKING pc=0x000002a0f7553774 sp=0x000000d10c6fc860
Event: 5.630 Thread 0x000002a086bfeae0 DEOPT UNPACKING pc=0x000002a0f6fb9ea3 sp=0x000000d10c6fc788 mode 2
Event: 5.630 Thread 0x000002a086bfeae0 Uncommon trap: trap_request=0xffffff45 fr.pc=0x000002a0f7599d94 relative=0x0000000000000094
Event: 5.630 Thread 0x000002a086bfeae0 Uncommon trap: reason=unstable_if action=reinterpret pc=0x000002a0f7599d94 method=jdk.internal.misc.Unsafe.getLongUnaligned(Ljava/lang/Object;J)J @ 7 c2
Event: 5.630 Thread 0x000002a086bfeae0 DEOPT PACKING pc=0x000002a0f7599d94 sp=0x000000d10c6fc7d0
Event: 5.630 Thread 0x000002a086bfeae0 DEOPT UNPACKING pc=0x000002a0f6fb9ea3 sp=0x000000d10c6fc780 mode 2

Classes unloaded (0 events):
No events

Classes redefined (0 events):
No events

Internal exceptions (20 events):
Event: 3.397 Thread 0x000002a0ecda1880 Exception <a 'java/lang/ClassNotFoundException'{0x00000000ec0ac860}: sun/net/www/protocol/c/Handler> (0x00000000ec0ac860) 
thrown [s\src\hotspot\share\classfile\systemDictionary.cpp, line 256]
Event: 3.400 Thread 0x000002a0ecda1880 Exception <a 'java/lang/ClassNotFoundException'{0x00000000ec0ad9d8}: sun/net/www/protocol/c/Handler> (0x00000000ec0ad9d8) 
thrown [s\src\hotspot\share\classfile\systemDictionary.cpp, line 256]
Event: 3.458 Thread 0x000002a0ecda1880 Exception <a 'java/io/FileNotFoundException'{0x00000000ec0d66f0}> (0x00000000ec0d66f0) 
thrown [s\src\hotspot\share\prims\jni.cpp, line 516]
Event: 3.532 Thread 0x000002a0ecda1880 Implicit null exception at 0x000002a0f75402db to 0x000002a0f7540cc8
Event: 3.532 Thread 0x000002a0ecda1880 Implicit null exception at 0x000002a0f754d06c to 0x000002a0f754d244
Event: 3.532 Thread 0x000002a0ecda1880 Implicit null exception at 0x000002a0f754210e to 0x000002a0f7542344
Event: 3.532 Thread 0x000002a0ecda1880 Implicit null exception at 0x000002a0f754280f to 0x000002a0f7542885
Event: 3.692 Thread 0x000002a0ecda1880 Exception <a 'java/lang/NoSuchMethodError'{0x00000000ec3aa560}: 'int java.lang.invoke.DirectMethodHandle$Holder.invokeStaticInit(java.lang.Object, java.lang.Object, java.lang.Object, java.lang.Object)'> (0x00000000ec3aa560) 
thrown [s\src\hotspot\share\interpreter\linkResolver.cpp, line 759]
Event: 3.694 Thread 0x000002a0ecda1880 Exception <a 'java/lang/NoSuchMethodError'{0x00000000ec3b4bd0}: 'java.lang.Object java.lang.invoke.DirectMethodHandle$Holder.invokeInterface(java.lang.Object, java.lang.Object)'> (0x00000000ec3b4bd0) 
thrown [s\src\hotspot\share\interpreter\linkResolver.cpp, line 759]
Event: 3.694 Thread 0x000002a0ecda1880 Exception <a 'java/lang/IncompatibleClassChangeError'{0x00000000ec3b83c8}: Found class java.lang.Object, but interface was expected> (0x00000000ec3b83c8) 
thrown [s\src\hotspot\share\interpreter\linkResolver.cpp, line 826]
Event: 3.695 Thread 0x000002a0ecda1880 Exception <a 'java/lang/NoSuchMethodError'{0x00000000ec3bc8b8}: 'void java.lang.invoke.DirectMethodHandle$Holder.invokeStatic(java.lang.Object, java.lang.Object)'> (0x00000000ec3bc8b8) 
thrown [s\src\hotspot\share\interpreter\linkResolver.cpp, line 759]
Event: 3.696 Thread 0x000002a0ecda1880 Exception <a 'java/lang/NoSuchMethodError'{0x00000000ec3c00b8}: 'void java.lang.invoke.DirectMethodHandle$Holder.invokeStaticInit(java.lang.Object, java.lang.Object)'> (0x00000000ec3c00b8) 
thrown [s\src\hotspot\share\interpreter\linkResolver.cpp, line 759]
Event: 3.697 Thread 0x000002a0ecda1880 Exception <a 'java/lang/NoSuchMethodError'{0x00000000ec3c7548}: 'int java.lang.invoke.DirectMethodHandle$Holder.invokeStaticInit(java.lang.Object, java.lang.Object)'> (0x00000000ec3c7548) 
thrown [s\src\hotspot\share\interpreter\linkResolver.cpp, line 759]
Event: 3.826 Thread 0x000002a0ecda1880 Exception <a 'java/lang/NoSuchMethodError'{0x00000000eac547f8}: 'void java.lang.invoke.DirectMethodHandle$Holder.invokeSpecial(java.lang.Object, java.lang.Object, java.lang.Object)'> (0x00000000eac547f8) 
thrown [s\src\hotspot\share\interpreter\linkResolver.cpp, line 759]
Event: 4.677 Thread 0x000002a0ecda1880 Exception <a 'java/lang/NoSuchMethodError'{0x00000000eba00d40}: 'java.lang.Object java.lang.invoke.DirectMethodHandle$Holder.newInvokeSpecial(java.lang.Object, int, java.lang.Object)'> (0x00000000eba00d40) 
thrown [s\src\hotspot\share\interpreter\linkResolver.cpp, line 759]
Event: 5.164 Thread 0x000002a0ecda1880 Exception <a 'java/lang/UnsatisfiedLinkError'{0x00000000ebfbc148}: 'void org.eclipse.equinox.launcher.JNIBridge._update_splash()'> (0x00000000ebfbc148) 
thrown [s\src\hotspot\share\prims\nativeLookup.cpp, line 543]
Event: 5.351 Thread 0x000002a086bfeae0 Exception <a 'java/lang/NoSuchMethodError'{0x00000000ec310fd8}: 'java.lang.Object java.lang.invoke.DirectMethodHandle$Holder.invokeStaticInit(java.lang.Object)'> (0x00000000ec310fd8) 
thrown [s\src\hotspot\share\interpreter\linkResolver.cpp, line 759]
Event: 5.460 Thread 0x000002a086bfeae0 Exception <a 'java/lang/NoSuchMethodError'{0x00000000ec3d9c90}: 'java.lang.Object java.lang.invoke.DirectMethodHandle$Holder.newInvokeSpecial(java.lang.Object, java.lang.Object, int, java.lang.Object)'> (0x00000000ec3d9c90) 
thrown [s\src\hotspot\share\interpreter\linkResolver.cpp, line 759]
Event: 5.460 Thread 0x000002a086bfeae0 Exception <a 'java/lang/NoSuchMethodError'{0x00000000ec3ddf78}: 'java.lang.Object java.lang.invoke.DirectMethodHandle$Holder.invokeSpecial(java.lang.Object, java.lang.Object, java.lang.Object, int, java.lang.Object)'> (0x00000000ec3ddf78) 
thrown [s\src\hotspot\share\interpreter\linkResolver.cpp, line 759]
Event: 5.607 Thread 0x000002a086bfeae0 Exception <a 'java/lang/ClassNotFoundException'{0x00000000eadc09d0}: sun/util/logging/resources/spi/loggingProvider> (0x00000000eadc09d0) 
thrown [s\src\hotspot\share\classfile\systemDictionary.cpp, line 256]

VM Operations (20 events):
Event: 3.729 Executing VM operation: ParallelGCFailedAllocation
Event: 3.746 Executing VM operation: ParallelGCFailedAllocation done
Event: 4.616 Executing VM operation: HandshakeAllThreads
Event: 4.630 Executing VM operation: HandshakeAllThreads done
Event: 4.632 Executing VM operation: HandshakeAllThreads
Event: 4.632 Executing VM operation: HandshakeAllThreads done
Event: 4.643 Executing VM operation: HandshakeAllThreads
Event: 4.643 Executing VM operation: HandshakeAllThreads done
Event: 4.666 Executing VM operation: HandshakeAllThreads
Event: 4.666 Executing VM operation: HandshakeAllThreads done
Event: 5.340 Executing VM operation: HandshakeAllThreads
Event: 5.340 Executing VM operation: HandshakeAllThreads done
Event: 5.340 Executing VM operation: Cleanup
Event: 5.340 Executing VM operation: Cleanup done
Event: 5.463 Executing VM operation: ParallelGCFailedAllocation
Event: 5.467 Executing VM operation: ParallelGCFailedAllocation done
Event: 5.516 Executing VM operation: HandshakeAllThreads
Event: 5.516 Executing VM operation: HandshakeAllThreads done
Event: 5.627 Executing VM operation: HandshakeAllThreads
Event: 5.627 Executing VM operation: HandshakeAllThreads done

Events (20 events):
Event: 5.646 loading class sun/util/resources/Bundles$CacheKeyReference
Event: 5.646 loading class sun/util/resources/Bundles$CacheKeyReference done
Event: 5.646 loading class sun/util/resources/Bundles$BundleReference done
Event: 5.646 loading class sun/util/resources/Bundles$2
Event: 5.646 loading class sun/util/resources/Bundles$2 done
Event: 5.654 loading class java/text/DecimalFormatSymbols
Event: 5.655 loading class java/text/DecimalFormatSymbols done
Event: 5.655 loading class java/text/spi/DecimalFormatSymbolsProvider
Event: 5.655 loading class java/text/spi/DecimalFormatSymbolsProvider done
Event: 5.656 loading class sun/util/locale/provider/DecimalFormatSymbolsProviderImpl
Event: 5.656 loading class sun/util/locale/provider/DecimalFormatSymbolsProviderImpl done
Event: 5.656 loading class sun/util/locale/provider/LocaleResources
Event: 5.656 loading class sun/util/locale/provider/LocaleResources done
Event: 5.656 loading class sun/util/locale/provider/LocaleResources$ResourceReference
Event: 5.656 loading class sun/util/locale/provider/LocaleResources$ResourceReference done
Event: 5.657 loading class java/lang/StringLatin1$CharsSpliterator
Event: 5.657 loading class java/lang/StringLatin1$CharsSpliterator done
Event: 5.657 loading class java/util/stream/IntPipeline$Head
Event: 5.658 loading class java/util/stream/IntPipeline
Event: 5.659 loading class java/util/stream/IntStream


Dynamic libraries:
0x00007ff760470000 - 0x00007ff76047e000 	c:\Users\Joabs\.vscode\extensions\redhat.java-1.29.0-win32-x64\jre\17.0.10-win32-x86_64\bin\java.exe
0x00007ffd92790000 - 0x00007ffd929a6000 	C:\WINDOWS\SYSTEM32\ntdll.dll
0x00007ffd90ce0000 - 0x00007ffd90da4000 	C:\WINDOWS\System32\KERNEL32.DLL
0x00007ffd8ff00000 - 0x00007ffd902a7000 	C:\WINDOWS\System32\KERNELBASE.dll
0x00007ffd8fde0000 - 0x00007ffd8fef1000 	C:\WINDOWS\System32\ucrtbase.dll
0x00007ffd69260000 - 0x00007ffd69277000 	c:\Users\Joabs\.vscode\extensions\redhat.java-1.29.0-win32-x64\jre\17.0.10-win32-x86_64\bin\jli.dll
0x00007ffd91e80000 - 0x00007ffd9202e000 	C:\WINDOWS\System32\USER32.dll
0x00007ffd8fb20000 - 0x00007ffd8fb46000 	C:\WINDOWS\System32\win32u.dll
0x00007ffd91dc0000 - 0x00007ffd91de9000 	C:\WINDOWS\System32\GDI32.dll
0x00007ffd8fb50000 - 0x00007ffd8fc69000 	C:\WINDOWS\System32\gdi32full.dll
0x00007ffd90370000 - 0x00007ffd9040a000 	C:\WINDOWS\System32\msvcp_win.dll
0x00007ffd69240000 - 0x00007ffd6925b000 	c:\Users\Joabs\.vscode\extensions\redhat.java-1.29.0-win32-x64\jre\17.0.10-win32-x86_64\bin\VCRUNTIME140.dll
0x00007ffd73350000 - 0x00007ffd735e3000 	C:\WINDOWS\WinSxS\amd64_microsoft.windows.common-controls_6595b64144ccf1df_6.0.22621.3235_none_270f74e173860f98\COMCTL32.dll
0x00007ffd90630000 - 0x00007ffd906d7000 	C:\WINDOWS\System32\msvcrt.dll
0x00007ffd920f0000 - 0x00007ffd92121000 	C:\WINDOWS\System32\IMM32.DLL
0x00007ffd6c510000 - 0x00007ffd6c51c000 	c:\Users\Joabs\.vscode\extensions\redhat.java-1.29.0-win32-x64\jre\17.0.10-win32-x86_64\bin\vcruntime140_1.dll
0x00007ffd47a40000 - 0x00007ffd47acd000 	c:\Users\Joabs\.vscode\extensions\redhat.java-1.29.0-win32-x64\jre\17.0.10-win32-x86_64\bin\msvcp140.dll
0x00007ffd27f20000 - 0x00007ffd28b82000 	c:\Users\Joabs\.vscode\extensions\redhat.java-1.29.0-win32-x64\jre\17.0.10-win32-x86_64\bin\server\jvm.dll
0x00007ffd92030000 - 0x00007ffd920e2000 	C:\WINDOWS\System32\ADVAPI32.dll
0x00007ffd90a00000 - 0x00007ffd90aa8000 	C:\WINDOWS\System32\sechost.dll
0x00007ffd90410000 - 0x00007ffd90438000 	C:\WINDOWS\System32\bcrypt.dll
0x00007ffd92210000 - 0x00007ffd92325000 	C:\WINDOWS\System32\RPCRT4.dll
0x00007ffd8f7d0000 - 0x00007ffd8f81d000 	C:\WINDOWS\SYSTEM32\POWRPROF.dll
0x00007ffd691a0000 - 0x00007ffd691a9000 	C:\WINDOWS\SYSTEM32\WSOCK32.dll
0x00007ffd90db0000 - 0x00007ffd90e21000 	C:\WINDOWS\System32\WS2_32.dll
0x00007ffd85630000 - 0x00007ffd85664000 	C:\WINDOWS\SYSTEM32\WINMM.dll
0x00007ffd83b40000 - 0x00007ffd83b4a000 	C:\WINDOWS\SYSTEM32\VERSION.dll
0x00007ffd8f7b0000 - 0x00007ffd8f7c3000 	C:\WINDOWS\SYSTEM32\UMPDC.dll
0x00007ffd8eab0000 - 0x00007ffd8eac8000 	C:\WINDOWS\SYSTEM32\kernel.appcore.dll
0x00007ffd60be0000 - 0x00007ffd60bea000 	c:\Users\Joabs\.vscode\extensions\redhat.java-1.29.0-win32-x64\jre\17.0.10-win32-x86_64\bin\jimage.dll
0x00007ffd8d010000 - 0x00007ffd8d243000 	C:\WINDOWS\SYSTEM32\DBGHELP.DLL
0x00007ffd92350000 - 0x00007ffd926d8000 	C:\WINDOWS\System32\combase.dll
0x00007ffd92130000 - 0x00007ffd92207000 	C:\WINDOWS\System32\OLEAUT32.dll
0x00007ffd6c7d0000 - 0x00007ffd6c802000 	C:\WINDOWS\SYSTEM32\dbgcore.DLL
0x00007ffd90440000 - 0x00007ffd904b9000 	C:\WINDOWS\System32\bcryptPrimitives.dll
0x00007ffd58770000 - 0x00007ffd5877e000 	c:\Users\Joabs\.vscode\extensions\redhat.java-1.29.0-win32-x64\jre\17.0.10-win32-x86_64\bin\instrument.dll
0x00007ffd47a10000 - 0x00007ffd47a35000 	c:\Users\Joabs\.vscode\extensions\redhat.java-1.29.0-win32-x64\jre\17.0.10-win32-x86_64\bin\java.dll
0x00007ffd479f0000 - 0x00007ffd47a08000 	c:\Users\Joabs\.vscode\extensions\redhat.java-1.29.0-win32-x64\jre\17.0.10-win32-x86_64\bin\zip.dll
0x00007ffd910e0000 - 0x00007ffd9193c000 	C:\WINDOWS\System32\SHELL32.dll
0x00007ffd8d9c0000 - 0x00007ffd8e2b9000 	C:\WINDOWS\SYSTEM32\windows.storage.dll
0x00007ffd8d880000 - 0x00007ffd8d9be000 	C:\WINDOWS\SYSTEM32\wintypes.dll
0x00007ffd90890000 - 0x00007ffd90983000 	C:\WINDOWS\System32\SHCORE.dll
0x00007ffd90ea0000 - 0x00007ffd90efe000 	C:\WINDOWS\System32\shlwapi.dll
0x00007ffd8f9e0000 - 0x00007ffd8fa01000 	C:\WINDOWS\SYSTEM32\profapi.dll
0x00007ffd479d0000 - 0x00007ffd479e9000 	C:\Users\Joabs\.vscode\extensions\redhat.java-1.29.0-win32-x64\jre\17.0.10-win32-x86_64\bin\net.dll
0x00007ffd873a0000 - 0x00007ffd874d6000 	C:\WINDOWS\SYSTEM32\WINHTTP.dll
0x00007ffd8ef20000 - 0x00007ffd8ef89000 	C:\WINDOWS\system32\mswsock.dll
0x00007ffd479b0000 - 0x00007ffd479c6000 	C:\Users\Joabs\.vscode\extensions\redhat.java-1.29.0-win32-x64\jre\17.0.10-win32-x86_64\bin\nio.dll
0x00007ffd58670000 - 0x00007ffd58680000 	c:\Users\Joabs\.vscode\extensions\redhat.java-1.29.0-win32-x64\jre\17.0.10-win32-x86_64\bin\verify.dll
0x00007ffd47680000 - 0x00007ffd476be000 	C:\Users\Joabs\AppData\Roaming\Code\User\globalStorage\redhat.java\1.29.0\config_win\org.eclipse.equinox.launcher\org.eclipse.equinox.launcher.win32.win32.x86_64_1.2.900.v20240213-1244\eclipse_11900.dll
0x00007ffd906e0000 - 0x00007ffd90885000 	C:\WINDOWS\System32\ole32.dll

dbghelp: loaded successfully - version: 4.0.5 - missing functions: none
symbol engine: initialized successfully - sym options: 0x614 - pdb path: .;c:\Users\Joabs\.vscode\extensions\redhat.java-1.29.0-win32-x64\jre\17.0.10-win32-x86_64\bin;C:\WINDOWS\SYSTEM32;C:\WINDOWS\WinSxS\amd64_microsoft.windows.common-controls_6595b64144ccf1df_6.0.22621.3235_none_270f74e173860f98;c:\Users\Joabs\.vscode\extensions\redhat.java-1.29.0-win32-x64\jre\17.0.10-win32-x86_64\bin\server;C:\Users\Joabs\AppData\Roaming\Code\User\globalStorage\redhat.java\1.29.0\config_win\org.eclipse.equinox.launcher\org.eclipse.equinox.launcher.win32.win32.x86_64_1.2.900.v20240213-1244

VM Arguments:
jvm_args: --add-modules=ALL-SYSTEM --add-opens=java.base/java.util=ALL-UNNAMED --add-opens=java.base/java.lang=ALL-UNNAMED --add-opens=java.base/sun.nio.fs=ALL-UNNAMED -Declipse.application=org.eclipse.jdt.ls.core.id1 -Dosgi.bundles.defaultStartLevel=4 -Declipse.product=org.eclipse.jdt.ls.core.product -Djava.import.generatesMetadataFilesAtProjectRoot=false -DDetectVMInstallationsJob.disabled=true -Dfile.encoding=utf8 -XX:+UseParallelGC -XX:GCTimeRatio=4 -XX:AdaptiveSizePolicyWeight=90 -Dsun.zip.disableMemoryMapping=true -Xmx1G -Xms100m -Xlog:disable -javaagent:c:\Users\Joabs\.vscode\extensions\redhat.java-1.29.0-win32-x64\lombok\lombok-1.18.32.jar -XX:+HeapDumpOnOutOfMemoryError -XX:HeapDumpPath=c:\Users\Joabs\AppData\Roaming\Code\User\workspaceStorage\4b1a5faf399242105d5e53f0d63c3ebf\redhat.java -Daether.dependencyCollector.impl=bf 
java_command: c:\Users\Joabs\.vscode\extensions\redhat.java-1.29.0-win32-x64\server\plugins\org.eclipse.equinox.launcher_1.6.800.v20240304-1850.jar -configuration c:\Users\Joabs\AppData\Roaming\Code\User\globalStorage\redhat.java\1.29.0\config_win -data c:\Users\Joabs\AppData\Roaming\Code\User\workspaceStorage\4b1a5faf399242105d5e53f0d63c3ebf\redhat.java\jdt_ws --stdio
java_class_path (initial): c:\Users\Joabs\.vscode\extensions\redhat.java-1.29.0-win32-x64\server\plugins\org.eclipse.equinox.launcher_1.6.800.v20240304-1850.jar
Launcher Type: SUN_STANDARD

[Global flags]
    uintx AdaptiveSizePolicyWeight                 = 90                                        {product} {command line}
     intx CICompilerCount                          = 3                                         {product} {ergonomic}
    uintx GCTimeRatio                              = 4                                         {product} {command line}
     bool HeapDumpOnOutOfMemoryError               = true                                   {manageable} {command line}
    ccstr HeapDumpPath                             = c:\Users\Joabs\AppData\Roaming\Code\User\workspaceStorage\4b1a5faf399242105d5e53f0d63c3ebf\redhat.java         {manageable} {command line}
   size_t InitialHeapSize                          = 104857600                                 {product} {command line}
   size_t MaxHeapSize                              = 1073741824                                {product} {command line}
   size_t MaxNewSize                               = 357564416                                 {product} {ergonomic}
   size_t MinHeapDeltaBytes                        = 524288                                    {product} {ergonomic}
   size_t MinHeapSize                              = 104857600                                 {product} {command line}
   size_t NewSize                                  = 34603008                                  {product} {ergonomic}
    uintx NonNMethodCodeHeapSize                   = 5832780                                {pd product} {ergonomic}
    uintx NonProfiledCodeHeapSize                  = 122912730                              {pd product} {ergonomic}
   size_t OldSize                                  = 70254592                                  {product} {ergonomic}
    uintx ProfiledCodeHeapSize                     = 122912730                              {pd product} {ergonomic}
    uintx ReservedCodeCacheSize                    = 251658240                              {pd product} {ergonomic}
     bool SegmentedCodeCache                       = true                                      {product} {ergonomic}
   size_t SoftMaxHeapSize                          = 1073741824                             {manageable} {ergonomic}
     bool UseCompressedClassPointers               = true                           {product lp64_product} {ergonomic}
     bool UseCompressedOops                        = true                           {product lp64_product} {ergonomic}
     bool UseLargePagesIndividualAllocation        = false                                  {pd product} {ergonomic}
     bool UseParallelGC                            = true                                      {product} {command line}

Logging:
Log output configuration:
 #0: stdout all=off uptime,level,tags
 #1: stderr all=off uptime,level,tags

Environment Variables:
PATH=C:\Program Files\Common Files\Oracle\Java\javapath;C:\Program Files (x86)\Common Files\Oracle\Java\javapath;C:\WINDOWS\system32;C:\WINDOWS;C:\WINDOWS\System32\Wbem;C:\WINDOWS\System32\WindowsPowerShell\v1.0\;C:\WINDOWS\System32\OpenSSH\;C:\ProgramData\chocolatey\bin;C:\Program Files\dotnet\;C:\Program Files\PowerShell\7\;C:\Program Files\nodejs\;C:\Program Files\Git\cmd;C:\Users\Joabs\AppData\Local\Microsoft\WindowsApps;C:\Users\Joabs\AppData\Local\GitHubDesktop\bin;C:\Users\Joabs\AppData\Roaming\npm;C:\Users\Joabs\AppData\Local\Programs\Microsoft VS Code\bin
USERNAME=Joabs
OS=Windows_NT
PROCESSOR_IDENTIFIER=Intel64 Family 6 Model 140 Stepping 1, GenuineIntel
TMP=C:\Users\Joabs\AppData\Local\Temp
TEMP=C:\Users\Joabs\AppData\Local\Temp



Periodic native trim disabled


---------------  S Y S T E M  ---------------

OS:
 Windows 11 , 64 bit Build 22621 (10.0.22621.3374)
OS uptime: 0 days 3:40 hours
Hyper-V role detected

CPU: total 4 (initial active 4) (2 cores per cpu, 2 threads per core) family 6 model 140 stepping 1 microcode 0xb6, cx8, cmov, fxsr, ht, mmx, 3dnowpref, sse, sse2, sse3, ssse3, sse4.1, sse4.2, popcnt, lzcnt, tsc, tscinvbit, avx, avx2, aes, erms, clmul, bmi1, bmi2, adx, avx512f, avx512dq, avx512cd, avx512bw, avx512vl, sha, fma, vzeroupper, avx512_vpopcntdq, avx512_vpclmulqdq, avx512_vaes, avx512_vnni, clflush, clflushopt, clwb, avx512_vbmi2, avx512_vbmi, hv
Processor Information for all 4 processors :
  Max Mhz: 2995, Current Mhz: 2995, Mhz Limit: 2995

Memory: 4k page, system-wide physical 3879M (28M free)
TotalPageFile size 15655M (AvailPageFile size 0M)
current process WorkingSet (physical memory assigned to process): 90M, peak: 90M
current process commit charge ("private bytes"): 193M, peak: 193M

vm_info: OpenJDK 64-Bit Server VM (17.0.10+7) for windows-amd64 JRE (17.0.10+7), built on Jan 16 2024 23:25:11 by "admin" with MS VC++ 16.10 / 16.11 (VS2019)

END.
